# JRE version: OpenJDK Runtime Environment Temurin-21.0.10+7 (21.0.10+7) (build 21.0.10+7-LTS)
# Java VM: OpenJDK 64-Bit Server VM Temurin-21.0.10+7 (21.0.10+7-LTS, mixed mode, sharing, tiered, compressed oops, compressed class ptrs, g1 gc, windows-amd64)
GC Precious Log:
 CardTable entry size: 512
 Card Set container configuration: InlinePtr #cards 5 size 8 Array Of Cards #cards 12 size 40 Howl #buckets 4 coarsen threshold 1843 Howl Bitmap #cards 512 size 80 coarsen threshold 460 Card regions per heap region 1 cards per card region 2048
 CPUs: 12 total, 12 available
 Memory: 16067M
 Large Page Support: Disabled
 NUMA Support: Disabled
 Compressed Oops: Enabled (32-bit)
 Heap Region Size: 1M
 Heap Min Capacity: 8M
 Heap Initial Capacity: 252M
 Heap Max Capacity: 512M
 Pre-touch: Disabled
 Parallel Workers: 10
 Concurrent Workers: 3
 Concurrent Refinement Workers: 10
 Periodic GC: Disabled
Heap:
 garbage-first heap   total 89088K, used 52895K [0x00000000e0000000, 0x0000000100000000)
  region size 1024K, 3 young (3072K), 2 survivors (2048K)
 Metaspace       used 100064K, committed 100992K, reserved 1179648K
  class space    used 14030K, committed 14464K, reserved 1048576K
GC Heap History (20 events):
Event: 34.582 GC heap before
{Heap before GC invocations=18 (full 0):
 garbage-first heap   total 68608K, used 60633K [0x00000000e0000000, 0x0000000100000000)
  region size 1024K, 23 young (23552K), 2 survivors (2048K)
 Metaspace       used 70919K, committed 71744K, reserved 1114112K
  class space    used 9740K, committed 10112K, reserved 1048576K
}
Event: 34.590 GC heap after
{Heap after GC invocations=19 (full 0):
 garbage-first heap   total 68608K, used 41236K [0x00000000e0000000, 0x0000000100000000)
  region size 1024K, 3 young (3072K), 3 survivors (3072K)
 Metaspace       used 70919K, committed 71744K, reserved 1114112K
  class space    used 9740K, committed 10112K, reserved 1048576K
}
Event: 35.403 GC heap before
{Heap before GC invocations=20 (full 0):
 garbage-first heap   total 70656K, used 62740K [0x00000000e0000000, 0x0000000100000000)
  region size 1024K, 24 young (24576K), 3 survivors (3072K)
 Metaspace       used 75397K, committed 76224K, reserved 1179648K
  class space    used 10437K, committed 10816K, reserved 1048576K
}
Event: 35.412 GC heap after
{Heap after GC invocations=21 (full 0):
 garbage-first heap   total 70656K, used 42159K [0x00000000e0000000, 0x0000000100000000)
  region size 1024K, 3 young (3072K), 3 survivors (3072K)
 Metaspace       used 75397K, committed 76224K, reserved 1179648K
  class space    used 10437K, committed 10816K, reserved 1048576K
}
Event: 36.521 GC heap before
{Heap before GC invocations=21 (full 0):
 garbage-first heap   total 70656K, used 63663K [0x00000000e0000000, 0x0000000100000000)
  region size 1024K, 25 young (25600K), 3 survivors (3072K)
 Metaspace       used 81109K, committed 81856K, reserved 1179648K
  class space    used 11257K, committed 11584K, reserved 1048576K
}
Event: 36.545 GC heap after
{Heap after GC invocations=22 (full 0):
 garbage-first heap   total 70656K, used 42468K [0x00000000e0000000, 0x0000000100000000)
  region size 1024K, 3 young (3072K), 3 survivors (3072K)
 Metaspace       used 81109K, committed 81856K, reserved 1179648K
  class space    used 11257K, committed 11584K, reserved 1048576K
}
Event: 37.362 GC heap before
{Heap before GC invocations=22 (full 0):
 garbage-first heap   total 70656K, used 64996K [0x00000000e0000000, 0x0000000100000000)
  region size 1024K, 26 young (26624K), 3 survivors (3072K)
 Metaspace       used 86591K, committed 87424K, reserved 1179648K
  class space    used 12081K, committed 12416K, reserved 1048576K
}
Event: 37.368 GC heap after
{Heap after GC invocations=23 (full 0):
 garbage-first heap   total 70656K, used 43504K [0x00000000e0000000, 0x0000000100000000)
  region size 1024K, 3 young (3072K), 3 survivors (3072K)
 Metaspace       used 86591K, committed 87424K, reserved 1179648K
  class space    used 12081K, committed 12416K, reserved 1048576K
}
Event: 38.048 GC heap before
{Heap before GC invocations=24 (full 0):
 garbage-first heap   total 73728K, used 63984K [0x00000000e0000000, 0x0000000100000000)
  region size 1024K, 24 young (24576K), 3 survivors (3072K)
 Metaspace       used 90984K, committed 91840K, reserved 1179648K
  class space    used 12733K, committed 13120K, reserved 1048576K
}
Event: 38.055 GC heap after
{Heap after GC invocations=25 (full 0):
 garbage-first heap   total 73728K, used 44341K [0x00000000e0000000, 0x0000000100000000)
  region size 1024K, 2 young (2048K), 2 survivors (2048K)
 Metaspace       used 90984K, committed 91840K, reserved 1179648K
  class space    used 12733K, committed 13120K, reserved 1048576K
}
Event: 39.588 GC heap before
{Heap before GC invocations=25 (full 0):
 garbage-first heap   total 73728K, used 66869K [0x00000000e0000000, 0x0000000100000000)
  region size 1024K, 25 young (25600K), 2 survivors (2048K)
 Metaspace       used 93842K, committed 94720K, reserved 1179648K
  class space    used 13079K, committed 13440K, reserved 1048576K
}
Event: 39.598 GC heap after
{Heap after GC invocations=26 (full 0):
 garbage-first heap   total 73728K, used 46051K [0x00000000e0000000, 0x0000000100000000)
  region size 1024K, 4 young (4096K), 4 survivors (4096K)
 Metaspace       used 93842K, committed 94720K, reserved 1179648K
  class space    used 13079K, committed 13440K, reserved 1048576K
}
Event: 40.175 GC heap before
{Heap before GC invocations=26 (full 0):
 garbage-first heap   total 73728K, used 67555K [0x00000000e0000000, 0x0000000100000000)
  region size 1024K, 25 young (25600K), 4 survivors (4096K)
 Metaspace       used 95789K, committed 96768K, reserved 1179648K
  class space    used 13385K, committed 13824K, reserved 1048576K
}
Event: 40.183 GC heap after
{Heap after GC invocations=27 (full 0):
 garbage-first heap   total 74752K, used 47618K [0x00000000e0000000, 0x0000000100000000)
  region size 1024K, 4 young (4096K), 4 survivors (4096K)
 Metaspace       used 95789K, committed 96768K, reserved 1179648K
  class space    used 13385K, committed 13824K, reserved 1048576K
}
Event: 41.084 GC heap before
{Heap before GC invocations=28 (full 0):
 garbage-first heap   total 81920K, used 69122K [0x00000000e0000000, 0x0000000100000000)
  region size 1024K, 25 young (25600K), 4 survivors (4096K)
 Metaspace       used 97033K, committed 97984K, reserved 1179648K
  class space    used 13585K, committed 14016K, reserved 1048576K
}
Event: 41.094 GC heap after
{Heap after GC invocations=29 (full 0):
 garbage-first heap   total 81920K, used 48830K [0x00000000e0000000, 0x0000000100000000)
  region size 1024K, 3 young (3072K), 3 survivors (3072K)
 Metaspace       used 97033K, committed 97984K, reserved 1179648K
  class space    used 13585K, committed 14016K, reserved 1048576K
}
Event: 42.232 GC heap before
{Heap before GC invocations=29 (full 0):
 garbage-first heap   total 81920K, used 76478K [0x00000000e0000000, 0x0000000100000000)
  region size 1024K, 30 young (30720K), 3 survivors (3072K)
 Metaspace       used 98588K, committed 99520K, reserved 1179648K
  class space    used 13798K, committed 14208K, reserved 1048576K
}
Event: 42.246 GC heap after
{Heap after GC invocations=30 (full 0):
 garbage-first heap   total 82944K, used 50835K [0x00000000e0000000, 0x0000000100000000)
  region size 1024K, 4 young (4096K), 4 survivors (4096K)
 Metaspace       used 98588K, committed 99520K, reserved 1179648K
  class space    used 13798K, committed 14208K, reserved 1048576K
}
Event: 43.353 GC heap before
{Heap before GC invocations=30 (full 0):
 garbage-first heap   total 82944K, used 76435K [0x00000000e0000000, 0x0000000100000000)
  region size 1024K, 29 young (29696K), 4 survivors (4096K)
 Metaspace       used 100057K, committed 100992K, reserved 1179648K
  class space    used 14027K, committed 14464K, reserved 1048576K
}
Event: 43.364 GC heap after
{Heap after GC invocations=31 (full 0):
 garbage-first heap   total 82944K, used 52895K [0x00000000e0000000, 0x0000000100000000)
  region size 1024K, 2 young (2048K), 2 survivors (2048K)
 Metaspace       used 100057K, committed 100992K, reserved 1179648K
  class space    used 14027K, committed 14464K, reserved 1048576K
}

